# JRE version: OpenJDK Runtime Environment (11.0.10) (build 11.0.10+0-b96-7249189)
# Java VM: OpenJDK 64-Bit Server VM (11.0.10+0-b96-7249189, mixed mode, tiered, compressed oops, g1 gc, windows-amd64)
Heap:
 garbage-first heap   total 175104K, used 116633K [0x00000000a0000000, 0x0000000100000000)
  region size 1024K, 29 young (29696K), 4 survivors (4096K)
 Metaspace       used 89094K, capacity 91544K, committed 91724K, reserved 1128448K
  class space    used 11638K, capacity 12571K, committed 12620K, reserved 1048576K
GC Heap History (20 events):
Event: 10.282 GC heap before
{Heap before GC invocations=24 (full 0):
 garbage-first heap   total 120832K, used 97663K [0x00000000a0000000, 0x0000000100000000)
  region size 1024K, 29 young (29696K), 2 survivors (2048K)
 Metaspace       used 69108K, capacity 71054K, committed 71244K, reserved 1112064K
  class space    used 8753K, capacity 9417K, committed 9548K, reserved 1048576K
}
Event: 10.285 GC heap after
{Heap after GC invocations=25 (full 0):
 garbage-first heap   total 120832K, used 71959K [0x00000000a0000000, 0x0000000100000000)
  region size 1024K, 4 young (4096K), 4 survivors (4096K)
 Metaspace       used 69108K, capacity 71054K, committed 71244K, reserved 1112064K
  class space    used 8753K, capacity 9417K, committed 9548K, reserved 1048576K
}
Event: 10.569 GC heap before
{Heap before GC invocations=25 (full 0):
 garbage-first heap   total 120832K, used 98583K [0x00000000a0000000, 0x0000000100000000)
  region size 1024K, 30 young (30720K), 4 survivors (4096K)
 Metaspace       used 71479K, capacity 73319K, committed 73548K, reserved 1114112K
  class space    used 9070K, capacity 9742K, committed 9804K, reserved 1048576K
}
Event: 10.573 GC heap after
{Heap after GC invocations=26 (full 0):
 garbage-first heap   total 120832K, used 73447K [0x00000000a0000000, 0x0000000100000000)
  region size 1024K, 4 young (4096K), 4 survivors (4096K)
 Metaspace       used 71479K, capacity 73319K, committed 73548K, reserved 1114112K
  class space    used 9070K, capacity 9742K, committed 9804K, reserved 1048576K
}
Event: 10.972 GC heap before
{Heap before GC invocations=27 (full 0):
 garbage-first heap   total 120832K, used 98023K [0x00000000a0000000, 0x0000000100000000)
  region size 1024K, 29 young (29696K), 4 survivors (4096K)
 Metaspace       used 74287K, capacity 76255K, committed 76364K, reserved 1116160K
  class space    used 9601K, capacity 10272K, committed 10316K, reserved 1048576K
}
Event: 10.976 GC heap after
{Heap after GC invocations=28 (full 0):
 garbage-first heap   total 120832K, used 75012K [0x00000000a0000000, 0x0000000100000000)
  region size 1024K, 3 young (3072K), 3 survivors (3072K)
 Metaspace       used 74287K, capacity 76255K, committed 76364K, reserved 1116160K
  class space    used 9601K, capacity 10272K, committed 10316K, reserved 1048576K
}
Event: 11.223 GC heap before
{Heap before GC invocations=28 (full 0):
 garbage-first heap   total 120832K, used 99588K [0x00000000a0000000, 0x0000000100000000)
  region size 1024K, 28 young (28672K), 3 survivors (3072K)
 Metaspace       used 75699K, capacity 77655K, committed 77900K, reserved 1116160K
  class space    used 9783K, capacity 10458K, committed 10572K, reserved 1048576K
}
Event: 11.230 GC heap after
{Heap after GC invocations=29 (full 0):
 garbage-first heap   total 120832K, used 76790K [0x00000000a0000000, 0x0000000100000000)
  region size 1024K, 4 young (4096K), 4 survivors (4096K)
 Metaspace       used 75699K, capacity 77655K, committed 77900K, reserved 1116160K
  class space    used 9783K, capacity 10458K, committed 10572K, reserved 1048576K
}
Event: 11.472 GC heap before
{Heap before GC invocations=30 (full 0):
 garbage-first heap   total 120832K, used 101366K [0x00000000a0000000, 0x0000000100000000)
  region size 1024K, 28 young (28672K), 4 survivors (4096K)
 Metaspace       used 76457K, capacity 78428K, committed 78540K, reserved 1118208K
  class space    used 9925K, capacity 10653K, committed 10700K, reserved 1048576K
}
Event: 11.476 GC heap after
{Heap after GC invocations=31 (full 0):
 garbage-first heap   total 120832K, used 79230K [0x00000000a0000000, 0x0000000100000000)
  region size 1024K, 4 young (4096K), 4 survivors (4096K)
 Metaspace       used 76457K, capacity 78428K, committed 78540K, reserved 1118208K
  class space    used 9925K, capacity 10653K, committed 10700K, reserved 1048576K
}
Event: 11.672 GC heap before
{Heap before GC invocations=31 (full 0):
 garbage-first heap   total 120832K, used 101758K [0x00000000a0000000, 0x0000000100000000)
  region size 1024K, 26 young (26624K), 4 survivors (4096K)
 Metaspace       used 77386K, capacity 79616K, committed 79820K, reserved 1118208K
  class space    used 10066K, capacity 10872K, committed 10956K, reserved 1048576K
}
Event: 11.677 GC heap after
{Heap after GC invocations=32 (full 0):
 garbage-first heap   total 145408K, used 81579K [0x00000000a0000000, 0x0000000100000000)
  region size 1024K, 3 young (3072K), 3 survivors (3072K)
 Metaspace       used 77386K, capacity 79616K, committed 79820K, reserved 1118208K
  class space    used 10066K, capacity 10872K, committed 10956K, reserved 1048576K
}
Event: 12.067 GC heap before
{Heap before GC invocations=33 (full 0):
 garbage-first heap   total 145408K, used 111275K [0x00000000a0000000, 0x0000000100000000)
  region size 1024K, 32 young (32768K), 3 survivors (3072K)
 Metaspace       used 80009K, capacity 82150K, committed 82252K, reserved 1120256K
  class space    used 10453K, capacity 11239K, committed 11340K, reserved 1048576K
}
Event: 12.071 GC heap after
{Heap after GC invocations=34 (full 0):
 garbage-first heap   total 145408K, used 82935K [0x00000000a0000000, 0x0000000100000000)
  region size 1024K, 4 young (4096K), 4 survivors (4096K)
 Metaspace       used 80009K, capacity 82150K, committed 82252K, reserved 1120256K
  class space    used 10453K, capacity 11239K, committed 11340K, reserved 1048576K
}
Event: 12.483 GC heap before
{Heap before GC invocations=34 (full 0):
 garbage-first heap   total 145408K, used 113655K [0x00000000a0000000, 0x0000000100000000)
  region size 1024K, 34 young (34816K), 4 survivors (4096K)
 Metaspace       used 83700K, capacity 85967K, committed 86092K, reserved 1124352K
  class space    used 10964K, capacity 11815K, committed 11852K, reserved 1048576K
}
Event: 12.490 GC heap after
{Heap after GC invocations=35 (full 0):
 garbage-first heap   total 145408K, used 84789K [0x00000000a0000000, 0x0000000100000000)
  region size 1024K, 4 young (4096K), 4 survivors (4096K)
 Metaspace       used 83700K, capacity 85967K, committed 86092K, reserved 1124352K
  class space    used 10964K, capacity 11815K, committed 11852K, reserved 1048576K
}
Event: 12.870 GC heap before
{Heap before GC invocations=36 (full 0):
 garbage-first heap   total 145408K, used 115509K [0x00000000a0000000, 0x0000000100000000)
  region size 1024K, 34 young (34816K), 4 survivors (4096K)
 Metaspace       used 85572K, capacity 87895K, committed 88140K, reserved 1126400K
  class space    used 11187K, capacity 12022K, committed 12108K, reserved 1048576K
}
Event: 12.875 GC heap after
{Heap after GC invocations=37 (full 0):
 garbage-first heap   total 145408K, used 88009K [0x00000000a0000000, 0x0000000100000000)
  region size 1024K, 5 young (5120K), 5 survivors (5120K)
 Metaspace       used 85572K, capacity 87895K, committed 88140K, reserved 1126400K
  class space    used 11187K, capacity 12022K, committed 12108K, reserved 1048576K
}
Event: 13.272 GC heap before
{Heap before GC invocations=37 (full 0):
 garbage-first heap   total 145408K, used 116681K [0x00000000a0000000, 0x0000000100000000)
  region size 1024K, 34 young (34816K), 5 survivors (5120K)
 Metaspace       used 88233K, capacity 90609K, committed 90828K, reserved 1128448K
  class space    used 11498K, capacity 12383K, committed 12492K, reserved 1048576K
}
Event: 13.281 GC heap after
{Heap after GC invocations=38 (full 0):
 garbage-first heap   total 175104K, used 92057K [0x00000000a0000000, 0x0000000100000000)
  region size 1024K, 4 young (4096K), 4 survivors (4096K)
 Metaspace       used 88233K, capacity 90609K, committed 90828K, reserved 1128448K
  class space    used 11498K, capacity 12383K, committed 12492K, reserved 1048576K
}

