# JRE version: OpenJDK Runtime Environment (11.0.10) (build 11.0.10+0-b96-7249189)
# Java VM: OpenJDK 64-Bit Server VM (11.0.10+0-b96-7249189, mixed mode, tiered, compressed oops, g1 gc, windows-amd64)
Heap:
 garbage-first heap   total 145408K, used 97262K [0x00000000a0000000, 0x0000000100000000)
  region size 1024K, 7 young (7168K), 2 survivors (2048K)
 Metaspace       used 89084K, capacity 91648K, committed 91724K, reserved 1128448K
  class space    used 11652K, capacity 12583K, committed 12620K, reserved 1048576K
GC Heap History (20 events):
Event: 12.964 GC heap before
{Heap before GC invocations=26 (full 0):
 garbage-first heap   total 120832K, used 98612K [0x00000000a0000000, 0x0000000100000000)
  region size 1024K, 30 young (30720K), 4 survivors (4096K)
 Metaspace       used 71621K, capacity 73513K, committed 73804K, reserved 1114112K
  class space    used 9100K, capacity 9742K, committed 9804K, reserved 1048576K
}
Event: 12.968 GC heap after
{Heap after GC invocations=27 (full 0):
 garbage-first heap   total 120832K, used 73397K [0x00000000a0000000, 0x0000000100000000)
  region size 1024K, 4 young (4096K), 4 survivors (4096K)
 Metaspace       used 71621K, capacity 73513K, committed 73804K, reserved 1114112K
  class space    used 9100K, capacity 9742K, committed 9804K, reserved 1048576K
}
Event: 13.466 GC heap before
{Heap before GC invocations=28 (full 0):
 garbage-first heap   total 120832K, used 100021K [0x00000000a0000000, 0x0000000100000000)
  region size 1024K, 30 young (30720K), 4 survivors (4096K)
 Metaspace       used 74501K, capacity 76481K, committed 76620K, reserved 1116160K
  class space    used 9627K, capacity 10304K, committed 10316K, reserved 1048576K
}
Event: 13.470 GC heap after
{Heap after GC invocations=29 (full 0):
 garbage-first heap   total 120832K, used 74862K [0x00000000a0000000, 0x0000000100000000)
  region size 1024K, 3 young (3072K), 3 survivors (3072K)
 Metaspace       used 74501K, capacity 76481K, committed 76620K, reserved 1116160K
  class space    used 9627K, capacity 10304K, committed 10316K, reserved 1048576K
}
Event: 13.720 GC heap before
{Heap before GC invocations=29 (full 0):
 garbage-first heap   total 120832K, used 99438K [0x00000000a0000000, 0x0000000100000000)
  region size 1024K, 28 young (28672K), 3 survivors (3072K)
 Metaspace       used 75764K, capacity 77785K, committed 77900K, reserved 1116160K
  class space    used 9794K, capacity 10458K, committed 10572K, reserved 1048576K
}
Event: 13.726 GC heap after
{Heap after GC invocations=30 (full 0):
 garbage-first heap   total 120832K, used 77011K [0x00000000a0000000, 0x0000000100000000)
  region size 1024K, 4 young (4096K), 4 survivors (4096K)
 Metaspace       used 75764K, capacity 77785K, committed 77900K, reserved 1116160K
  class space    used 9794K, capacity 10458K, committed 10572K, reserved 1048576K
}
Event: 13.949 GC heap before
{Heap before GC invocations=31 (full 0):
 garbage-first heap   total 120832K, used 101587K [0x00000000a0000000, 0x0000000100000000)
  region size 1024K, 28 young (28672K), 4 survivors (4096K)
 Metaspace       used 76628K, capacity 78691K, committed 78924K, reserved 1118208K
  class space    used 9959K, capacity 10719K, committed 10828K, reserved 1048576K
}
Event: 13.954 GC heap after
{Heap after GC invocations=32 (full 0):
 garbage-first heap   total 120832K, used 79359K [0x00000000a0000000, 0x0000000100000000)
  region size 1024K, 4 young (4096K), 4 survivors (4096K)
 Metaspace       used 76628K, capacity 78691K, committed 78924K, reserved 1118208K
  class space    used 9959K, capacity 10719K, committed 10828K, reserved 1048576K
}
Event: 14.196 GC heap before
{Heap before GC invocations=32 (full 0):
 garbage-first heap   total 120832K, used 101887K [0x00000000a0000000, 0x0000000100000000)
  region size 1024K, 26 young (26624K), 4 survivors (4096K)
 Metaspace       used 77565K, capacity 79738K, committed 79820K, reserved 1118208K
  class space    used 10099K, capacity 10910K, committed 10956K, reserved 1048576K
}
Event: 14.202 GC heap after
{Heap after GC invocations=33 (full 0):
 garbage-first heap   total 120832K, used 81885K [0x00000000a0000000, 0x0000000100000000)
  region size 1024K, 3 young (3072K), 3 survivors (3072K)
 Metaspace       used 77565K, capacity 79738K, committed 79820K, reserved 1118208K
  class space    used 10099K, capacity 10910K, committed 10956K, reserved 1048576K
}
Event: 14.509 GC heap before
{Heap before GC invocations=34 (full 0):
 garbage-first heap   total 120832K, used 102365K [0x00000000a0000000, 0x0000000100000000)
  region size 1024K, 23 young (23552K), 3 survivors (3072K)
 Metaspace       used 79323K, capacity 81477K, committed 81612K, reserved 1120256K
  class space    used 10359K, capacity 11142K, committed 11212K, reserved 1048576K
}
Event: 14.513 GC heap after
{Heap after GC invocations=35 (full 0):
 garbage-first heap   total 145408K, used 82922K [0x00000000a0000000, 0x0000000100000000)
  region size 1024K, 2 young (2048K), 2 survivors (2048K)
 Metaspace       used 79323K, capacity 81477K, committed 81612K, reserved 1120256K
  class space    used 10359K, capacity 11142K, committed 11212K, reserved 1048576K
}
Event: 15.032 GC heap before
{Heap before GC invocations=35 (full 0):
 garbage-first heap   total 145408K, used 113642K [0x00000000a0000000, 0x0000000100000000)
  region size 1024K, 32 young (32768K), 2 survivors (2048K)
 Metaspace       used 83119K, capacity 85366K, committed 85452K, reserved 1122304K
  class space    used 10877K, capacity 11677K, committed 11724K, reserved 1048576K
}
Event: 15.037 GC heap after
{Heap after GC invocations=36 (full 0):
 garbage-first heap   total 145408K, used 84542K [0x00000000a0000000, 0x0000000100000000)
  region size 1024K, 3 young (3072K), 3 survivors (3072K)
 Metaspace       used 83119K, capacity 85366K, committed 85452K, reserved 1122304K
  class space    used 10877K, capacity 11677K, committed 11724K, reserved 1048576K
}
Event: 15.417 GC heap before
{Heap before GC invocations=37 (full 0):
 garbage-first heap   total 145408K, used 115262K [0x00000000a0000000, 0x0000000100000000)
  region size 1024K, 33 young (33792K), 3 survivors (3072K)
 Metaspace       used 85063K, capacity 87259K, committed 87500K, reserved 1124352K
  class space    used 11115K, capacity 11938K, committed 11980K, reserved 1048576K
}
Event: 15.421 GC heap after
{Heap after GC invocations=38 (full 0):
 garbage-first heap   total 145408K, used 87392K [0x00000000a0000000, 0x0000000100000000)
  region size 1024K, 5 young (5120K), 5 survivors (5120K)
 Metaspace       used 85063K, capacity 87259K, committed 87500K, reserved 1124352K
  class space    used 11115K, capacity 11938K, committed 11980K, reserved 1048576K
}
Event: 15.771 GC heap before
{Heap before GC invocations=38 (full 0):
 garbage-first heap   total 145408K, used 116064K [0x00000000a0000000, 0x0000000100000000)
  region size 1024K, 34 young (34816K), 5 survivors (5120K)
 Metaspace       used 88093K, capacity 90497K, committed 90700K, reserved 1128448K
  class space    used 11480K, capacity 12348K, committed 12364K, reserved 1048576K
}
Event: 15.777 GC heap after
{Heap after GC invocations=39 (full 0):
 garbage-first heap   total 145408K, used 91484K [0x00000000a0000000, 0x0000000100000000)
  region size 1024K, 5 young (5120K), 5 survivors (5120K)
 Metaspace       used 88093K, capacity 90497K, committed 90700K, reserved 1128448K
  class space    used 11480K, capacity 12348K, committed 12364K, reserved 1048576K
}
Event: 16.227 GC heap before
{Heap before GC invocations=40 (full 0):
 garbage-first heap   total 145408K, used 117084K [0x00000000a0000000, 0x0000000100000000)
  region size 1024K, 31 young (31744K), 5 survivors (5120K)
 Metaspace       used 88886K, capacity 91452K, committed 91724K, reserved 1128448K
  class space    used 11630K, capacity 12537K, committed 12620K, reserved 1048576K
}
Event: 16.232 GC heap after
{Heap after GC invocations=41 (full 0):
 garbage-first heap   total 145408K, used 93166K [0x00000000a0000000, 0x0000000100000000)
  region size 1024K, 2 young (2048K), 2 survivors (2048K)
 Metaspace       used 88886K, capacity 91452K, committed 91724K, reserved 1128448K
  class space    used 11630K, capacity 12537K, committed 12620K, reserved 1048576K
}

